# JRE version: OpenJDK Runtime Environment (21.0.4) (build 21.0.4+-12508038-b607.1)
# Java VM: OpenJDK 64-Bit Server VM (21.0.4+-12508038-b607.1, mixed mode, tiered, compressed oops, compressed class ptrs, g1 gc, windows-amd64)
GC Precious Log:
 CardTable entry size: 512
 Card Set container configuration: InlinePtr #cards 5 size 8 Array Of Cards #cards 12 size 40 Howl #buckets 4 coarsen threshold 1843 Howl Bitmap #cards 512 size 80 coarsen threshold 460 Card regions per heap region 1 cards per card region 2048
 CPUs: 4 total, 4 available
 Memory: 8067M
 Large Page Support: Disabled
 NUMA Support: Disabled
 Compressed Oops: Enabled (32-bit)
 Heap Region Size: 1M
 Heap Min Capacity: 8M
 Heap Initial Capacity: 128M
 Heap Max Capacity: 2G
 Pre-touch: Disabled
 Parallel Workers: 4
 Concurrent Workers: 1
 Concurrent Refinement Workers: 4
 Periodic GC: Disabled
Heap:
 garbage-first heap   total 96256K, used 54016K [0x0000000080000000, 0x0000000100000000)
  region size 1024K, 4 young (4096K), 4 survivors (4096K)
 Metaspace       used 55792K, committed 57280K, reserved 1114112K
  class space    used 7605K, committed 8320K, reserved 1048576K
GC Heap History (20 events):
Event: 2.923 GC heap after
{Heap after GC invocations=6 (full 0):
 garbage-first heap   total 71680K, used 22718K [0x0000000080000000, 0x0000000100000000)
  region size 1024K, 4 young (4096K), 4 survivors (4096K)
 Metaspace       used 28223K, committed 28800K, reserved 1114112K
  class space    used 3573K, committed 3840K, reserved 1048576K
}
Event: 3.490 GC heap before
{Heap before GC invocations=6 (full 0):
 garbage-first heap   total 71680K, used 53438K [0x0000000080000000, 0x0000000100000000)
  region size 1024K, 34 young (34816K), 4 survivors (4096K)
 Metaspace       used 32257K, committed 33024K, reserved 1114112K
  class space    used 4246K, committed 4608K, reserved 1048576K
}
Event: 3.495 GC heap after
{Heap after GC invocations=7 (full 0):
 garbage-first heap   total 71680K, used 24869K [0x0000000080000000, 0x0000000100000000)
  region size 1024K, 5 young (5120K), 5 survivors (5120K)
 Metaspace       used 32257K, committed 33024K, reserved 1114112K
  class space    used 4246K, committed 4608K, reserved 1048576K
}
Event: 3.870 GC heap before
{Heap before GC invocations=7 (full 0):
 garbage-first heap   total 71680K, used 56613K [0x0000000080000000, 0x0000000100000000)
  region size 1024K, 27 young (27648K), 5 survivors (5120K)
 Metaspace       used 34873K, committed 35712K, reserved 1114112K
  class space    used 4706K, committed 5120K, reserved 1048576K
}
Event: 3.876 GC heap after
{Heap after GC invocations=8 (full 0):
 garbage-first heap   total 71680K, used 40776K [0x0000000080000000, 0x0000000100000000)
  region size 1024K, 5 young (5120K), 5 survivors (5120K)
 Metaspace       used 34873K, committed 35712K, reserved 1114112K
  class space    used 4706K, committed 5120K, reserved 1048576K
}
Event: 4.308 GC heap before
{Heap before GC invocations=9 (full 0):
 garbage-first heap   total 71680K, used 61256K [0x0000000080000000, 0x0000000100000000)
  region size 1024K, 24 young (24576K), 5 survivors (5120K)
 Metaspace       used 37442K, committed 38400K, reserved 1114112K
  class space    used 5105K, committed 5568K, reserved 1048576K
}
Event: 4.312 GC heap after
{Heap after GC invocations=10 (full 0):
 garbage-first heap   total 71680K, used 43363K [0x0000000080000000, 0x0000000100000000)
  region size 1024K, 2 young (2048K), 2 survivors (2048K)
 Metaspace       used 37442K, committed 38400K, reserved 1114112K
  class space    used 5105K, committed 5568K, reserved 1048576K
}
Event: 4.596 GC heap before
{Heap before GC invocations=10 (full 0):
 garbage-first heap   total 71680K, used 61795K [0x0000000080000000, 0x0000000100000000)
  region size 1024K, 20 young (20480K), 2 survivors (2048K)
 Metaspace       used 39634K, committed 40704K, reserved 1114112K
  class space    used 5469K, committed 6016K, reserved 1048576K
}
Event: 4.599 GC heap after
{Heap after GC invocations=11 (full 0):
 garbage-first heap   total 71680K, used 44103K [0x0000000080000000, 0x0000000100000000)
  region size 1024K, 3 young (3072K), 3 survivors (3072K)
 Metaspace       used 39634K, committed 40704K, reserved 1114112K
  class space    used 5469K, committed 6016K, reserved 1048576K
}
Event: 4.859 GC heap before
{Heap before GC invocations=11 (full 0):
 garbage-first heap   total 71680K, used 62535K [0x0000000080000000, 0x0000000100000000)
  region size 1024K, 21 young (21504K), 3 survivors (3072K)
 Metaspace       used 42321K, committed 43648K, reserved 1114112K
  class space    used 5917K, committed 6592K, reserved 1048576K
}
Event: 4.863 GC heap after
{Heap after GC invocations=12 (full 0):
 garbage-first heap   total 71680K, used 45106K [0x0000000080000000, 0x0000000100000000)
  region size 1024K, 2 young (2048K), 2 survivors (2048K)
 Metaspace       used 42321K, committed 43648K, reserved 1114112K
  class space    used 5917K, committed 6592K, reserved 1048576K
}
Event: 5.215 GC heap before
{Heap before GC invocations=13 (full 0):
 garbage-first heap   total 76800K, used 62514K [0x0000000080000000, 0x0000000100000000)
  region size 1024K, 20 young (20480K), 2 survivors (2048K)
 Metaspace       used 46806K, committed 48064K, reserved 1114112K
  class space    used 6399K, committed 7040K, reserved 1048576K
}
Event: 5.221 GC heap after
{Heap after GC invocations=14 (full 0):
 garbage-first heap   total 76800K, used 47472K [0x0000000080000000, 0x0000000100000000)
  region size 1024K, 3 young (3072K), 3 survivors (3072K)
 Metaspace       used 46806K, committed 48064K, reserved 1114112K
  class space    used 6399K, committed 7040K, reserved 1048576K
}
Event: 5.491 GC heap before
{Heap before GC invocations=14 (full 0):
 garbage-first heap   total 76800K, used 66928K [0x0000000080000000, 0x0000000100000000)
  region size 1024K, 23 young (23552K), 3 survivors (3072K)
 Metaspace       used 48941K, committed 50240K, reserved 1114112K
  class space    used 6629K, committed 7296K, reserved 1048576K
}
Event: 5.497 GC heap after
{Heap after GC invocations=15 (full 0):
 garbage-first heap   total 76800K, used 49862K [0x0000000080000000, 0x0000000100000000)
  region size 1024K, 3 young (3072K), 3 survivors (3072K)
 Metaspace       used 48941K, committed 50240K, reserved 1114112K
  class space    used 6629K, committed 7296K, reserved 1048576K
}
Event: 5.621 GC heap before
{Heap before GC invocations=15 (full 0):
 garbage-first heap   total 76800K, used 65222K [0x0000000080000000, 0x0000000100000000)
  region size 1024K, 20 young (20480K), 3 survivors (3072K)
 Metaspace       used 49461K, committed 50816K, reserved 1114112K
  class space    used 6680K, committed 7360K, reserved 1048576K
}
Event: 5.625 GC heap after
{Heap after GC invocations=16 (full 0):
 garbage-first heap   total 76800K, used 51434K [0x0000000080000000, 0x0000000100000000)
  region size 1024K, 3 young (3072K), 3 survivors (3072K)
 Metaspace       used 49461K, committed 50816K, reserved 1114112K
  class space    used 6680K, committed 7360K, reserved 1048576K
}
Event: 5.929 GC heap before
{Heap before GC invocations=17 (full 0):
 garbage-first heap   total 96256K, used 70890K [0x0000000080000000, 0x0000000100000000)
  region size 1024K, 18 young (18432K), 3 survivors (3072K)
 Metaspace       used 52088K, committed 53504K, reserved 1114112K
  class space    used 6979K, committed 7680K, reserved 1048576K
}
Event: 5.932 GC heap after
{Heap after GC invocations=18 (full 0):
 garbage-first heap   total 96256K, used 52093K [0x0000000080000000, 0x0000000100000000)
  region size 1024K, 2 young (2048K), 2 survivors (2048K)
 Metaspace       used 52088K, committed 53504K, reserved 1114112K
  class space    used 6979K, committed 7680K, reserved 1048576K
}
Event: 6.418 GC heap before
{Heap before GC invocations=18 (full 0):
 garbage-first heap   total 96256K, used 83837K [0x0000000080000000, 0x0000000100000000)
  region size 1024K, 33 young (33792K), 2 survivors (2048K)
 Metaspace       used 55792K, committed 57280K, reserved 1114112K
  class space    used 7605K, committed 8320K, reserved 1048576K
}

