# JRE version: OpenJDK Runtime Environment (21.0.4) (build 21.0.4+-12508038-b607.1)
# Java VM: OpenJDK 64-Bit Server VM (21.0.4+-12508038-b607.1, mixed mode, tiered, compressed oops, compressed class ptrs, g1 gc, windows-amd64)
GC Precious Log:
 CardTable entry size: 512
 Card Set container configuration: InlinePtr #cards 5 size 8 Array Of Cards #cards 12 size 40 Howl #buckets 4 coarsen threshold 1843 Howl Bitmap #cards 512 size 80 coarsen threshold 460 Card regions per heap region 1 cards per card region 2048
 CPUs: 4 total, 4 available
 Memory: 8067M
 Large Page Support: Disabled
 NUMA Support: Disabled
 Compressed Oops: Enabled (32-bit)
 Heap Region Size: 1M
 Heap Min Capacity: 8M
 Heap Initial Capacity: 128M
 Heap Max Capacity: 2G
 Pre-touch: Disabled
 Parallel Workers: 4
 Concurrent Workers: 1
 Concurrent Refinement Workers: 4
 Periodic GC: Disabled
Heap:
 garbage-first heap   total 465920K, used 260767K [0x0000000080000000, 0x0000000100000000)
  region size 1024K, 5 young (5120K), 5 survivors (5120K)
 Metaspace       used 163562K, committed 166080K, reserved 1245184K
  class space    used 21322K, committed 22592K, reserved 1048576K
GC Heap History (20 events):
Event: 475.923 GC heap after
{Heap after GC invocations=139 (full 0):
 garbage-first heap   total 462848K, used 231311K [0x0000000080000000, 0x0000000100000000)
  region size 1024K, 3 young (3072K), 3 survivors (3072K)
 Metaspace       used 163467K, committed 165952K, reserved 1245184K
  class space    used 21315K, committed 22592K, reserved 1048576K
}
Event: 476.584 GC heap before
{Heap before GC invocations=139 (full 0):
 garbage-first heap   total 462848K, used 433039K [0x0000000080000000, 0x0000000100000000)
  region size 1024K, 201 young (205824K), 3 survivors (3072K)
 Metaspace       used 163481K, committed 166016K, reserved 1245184K
  class space    used 21317K, committed 22592K, reserved 1048576K
}
Event: 476.599 GC heap after
{Heap after GC invocations=140 (full 0):
 garbage-first heap   total 462848K, used 224256K [0x0000000080000000, 0x0000000100000000)
  region size 1024K, 2 young (2048K), 2 survivors (2048K)
 Metaspace       used 163481K, committed 166016K, reserved 1245184K
  class space    used 21317K, committed 22592K, reserved 1048576K
}
Event: 477.119 GC heap before
{Heap before GC invocations=140 (full 0):
 garbage-first heap   total 462848K, used 435200K [0x0000000080000000, 0x0000000100000000)
  region size 1024K, 209 young (214016K), 2 survivors (2048K)
 Metaspace       used 163500K, committed 166016K, reserved 1245184K
  class space    used 21318K, committed 22592K, reserved 1048576K
}
Event: 477.130 GC heap after
{Heap after GC invocations=141 (full 0):
 garbage-first heap   total 462848K, used 226304K [0x0000000080000000, 0x0000000100000000)
  region size 1024K, 4 young (4096K), 4 survivors (4096K)
 Metaspace       used 163500K, committed 166016K, reserved 1245184K
  class space    used 21318K, committed 22592K, reserved 1048576K
}
Event: 477.906 GC heap before
{Heap before GC invocations=142 (full 0):
 garbage-first heap   total 462848K, used 434176K [0x0000000080000000, 0x0000000100000000)
  region size 1024K, 207 young (211968K), 4 survivors (4096K)
 Metaspace       used 163509K, committed 166016K, reserved 1245184K
  class space    used 21318K, committed 22592K, reserved 1048576K
}
Event: 477.929 GC heap after
{Heap after GC invocations=143 (full 0):
 garbage-first heap   total 465920K, used 252592K [0x0000000080000000, 0x0000000100000000)
  region size 1024K, 26 young (26624K), 26 survivors (26624K)
 Metaspace       used 163509K, committed 166016K, reserved 1245184K
  class space    used 21318K, committed 22592K, reserved 1048576K
}
Event: 478.498 GC heap before
{Heap before GC invocations=143 (full 0):
 garbage-first heap   total 465920K, used 414384K [0x0000000080000000, 0x0000000100000000)
  region size 1024K, 184 young (188416K), 26 survivors (26624K)
 Metaspace       used 163516K, committed 166016K, reserved 1245184K
  class space    used 21318K, committed 22592K, reserved 1048576K
}
Event: 478.528 GC heap after
{Heap after GC invocations=144 (full 0):
 garbage-first heap   total 465920K, used 255488K [0x0000000080000000, 0x0000000100000000)
  region size 1024K, 18 young (18432K), 18 survivors (18432K)
 Metaspace       used 163516K, committed 166016K, reserved 1245184K
  class space    used 21318K, committed 22592K, reserved 1048576K
}
Event: 478.853 GC heap before
{Heap before GC invocations=144 (full 0):
 garbage-first heap   total 465920K, used 422400K [0x0000000080000000, 0x0000000100000000)
  region size 1024K, 181 young (185344K), 18 survivors (18432K)
 Metaspace       used 163519K, committed 166016K, reserved 1245184K
  class space    used 21319K, committed 22592K, reserved 1048576K
}
Event: 478.880 GC heap after
{Heap after GC invocations=145 (full 0):
 garbage-first heap   total 465920K, used 269824K [0x0000000080000000, 0x0000000100000000)
  region size 1024K, 15 young (15360K), 15 survivors (15360K)
 Metaspace       used 163519K, committed 166016K, reserved 1245184K
  class space    used 21319K, committed 22592K, reserved 1048576K
}
Event: 479.419 GC heap before
{Heap before GC invocations=146 (full 0):
 garbage-first heap   total 465920K, used 425472K [0x0000000080000000, 0x0000000100000000)
  region size 1024K, 167 young (171008K), 15 survivors (15360K)
 Metaspace       used 163520K, committed 166016K, reserved 1245184K
  class space    used 21319K, committed 22592K, reserved 1048576K
}
Event: 479.434 GC heap after
{Heap after GC invocations=147 (full 0):
 garbage-first heap   total 465920K, used 272896K [0x0000000080000000, 0x0000000100000000)
  region size 1024K, 3 young (3072K), 3 survivors (3072K)
 Metaspace       used 163520K, committed 166016K, reserved 1245184K
  class space    used 21319K, committed 22592K, reserved 1048576K
}
Event: 479.684 GC heap before
{Heap before GC invocations=147 (full 0):
 garbage-first heap   total 465920K, used 430592K [0x0000000080000000, 0x0000000100000000)
  region size 1024K, 158 young (161792K), 3 survivors (3072K)
 Metaspace       used 163541K, committed 166016K, reserved 1245184K
  class space    used 21320K, committed 22592K, reserved 1048576K
}
Event: 479.692 GC heap after
{Heap after GC invocations=148 (full 0):
 garbage-first heap   total 465920K, used 265979K [0x0000000080000000, 0x0000000100000000)
  region size 1024K, 3 young (3072K), 3 survivors (3072K)
 Metaspace       used 163541K, committed 166016K, reserved 1245184K
  class space    used 21320K, committed 22592K, reserved 1048576K
}
Event: 479.948 GC heap before
{Heap before GC invocations=148 (full 0):
 garbage-first heap   total 465920K, used 436987K [0x0000000080000000, 0x0000000100000000)
  region size 1024K, 170 young (174080K), 3 survivors (3072K)
 Metaspace       used 163545K, committed 166080K, reserved 1245184K
  class space    used 21320K, committed 22592K, reserved 1048576K
}
Event: 479.955 GC heap after
{Heap after GC invocations=149 (full 0):
 garbage-first heap   total 465920K, used 266871K [0x0000000080000000, 0x0000000100000000)
  region size 1024K, 4 young (4096K), 4 survivors (4096K)
 Metaspace       used 163545K, committed 166080K, reserved 1245184K
  class space    used 21320K, committed 22592K, reserved 1048576K
}
Event: 480.543 GC heap before
{Heap before GC invocations=150 (full 0):
 garbage-first heap   total 465920K, used 438903K [0x0000000080000000, 0x0000000100000000)
  region size 1024K, 170 young (174080K), 4 survivors (4096K)
 Metaspace       used 163561K, committed 166080K, reserved 1245184K
  class space    used 21322K, committed 22592K, reserved 1048576K
}
Event: 480.555 GC heap after
{Heap after GC invocations=151 (full 0):
 garbage-first heap   total 465920K, used 269770K [0x0000000080000000, 0x0000000100000000)
  region size 1024K, 5 young (5120K), 5 survivors (5120K)
 Metaspace       used 163561K, committed 166080K, reserved 1245184K
  class space    used 21322K, committed 22592K, reserved 1048576K
}
Event: 481.345 GC heap before
{Heap before GC invocations=151 (full 0):
 garbage-first heap   total 465920K, used 435658K [0x0000000080000000, 0x0000000100000000)
  region size 1024K, 167 young (171008K), 5 survivors (5120K)
 Metaspace       used 163562K, committed 166080K, reserved 1245184K
  class space    used 21322K, committed 22592K, reserved 1048576K
}

