# JRE version: OpenJDK Runtime Environment (21.0.4) (build 21.0.4+-12508038-b607.1)
# Java VM: OpenJDK 64-Bit Server VM (21.0.4+-12508038-b607.1, mixed mode, tiered, compressed oops, compressed class ptrs, g1 gc, windows-amd64)
GC Precious Log:
 CardTable entry size: 512
 Card Set container configuration: InlinePtr #cards 5 size 8 Array Of Cards #cards 12 size 40 Howl #buckets 4 coarsen threshold 1843 Howl Bitmap #cards 512 size 80 coarsen threshold 460 Card regions per heap region 1 cards per card region 2048
 CPUs: 4 total, 4 available
 Memory: 8067M
 Large Page Support: Disabled
 NUMA Support: Disabled
 Compressed Oops: Enabled (32-bit)
 Heap Region Size: 1M
 Heap Min Capacity: 8M
 Heap Initial Capacity: 128M
 Heap Max Capacity: 2G
 Pre-touch: Disabled
 Parallel Workers: 4
 Concurrent Workers: 1
 Concurrent Refinement Workers: 4
 Periodic GC: Disabled
Heap:
 garbage-first heap   total 232448K, used 150223K [0x0000000080000000, 0x0000000100000000)
  region size 1024K, 15 young (15360K), 9 survivors (9216K)
 Metaspace       used 101825K, committed 104000K, reserved 1179648K
  class space    used 13904K, committed 14976K, reserved 1048576K
GC Heap History (20 events):
Event: 12.476 GC heap before
{Heap before GC invocations=32 (full 0):
 garbage-first heap   total 157696K, used 121329K [0x0000000080000000, 0x0000000100000000)
  region size 1024K, 23 young (23552K), 2 survivors (2048K)
 Metaspace       used 82372K, committed 84352K, reserved 1179648K
  class space    used 11091K, committed 12096K, reserved 1048576K
}
Event: 12.479 GC heap after
{Heap after GC invocations=33 (full 0):
 garbage-first heap   total 157696K, used 103159K [0x0000000080000000, 0x0000000100000000)
  region size 1024K, 4 young (4096K), 4 survivors (4096K)
 Metaspace       used 82372K, committed 84352K, reserved 1179648K
  class space    used 11091K, committed 12096K, reserved 1048576K
}
Event: 13.007 GC heap before
{Heap before GC invocations=34 (full 0):
 garbage-first heap   total 183296K, used 146167K [0x0000000080000000, 0x0000000100000000)
  region size 1024K, 42 young (43008K), 4 survivors (4096K)
 Metaspace       used 84428K, committed 86400K, reserved 1179648K
  class space    used 11381K, committed 12352K, reserved 1048576K
}
Event: 13.012 GC heap after
{Heap after GC invocations=35 (full 0):
 garbage-first heap   total 183296K, used 107898K [0x0000000080000000, 0x0000000100000000)
  region size 1024K, 6 young (6144K), 6 survivors (6144K)
 Metaspace       used 84428K, committed 86400K, reserved 1179648K
  class space    used 11381K, committed 12352K, reserved 1048576K
}
Event: 13.768 GC heap before
{Heap before GC invocations=35 (full 0):
 garbage-first heap   total 183296K, used 160122K [0x0000000080000000, 0x0000000100000000)
  region size 1024K, 57 young (58368K), 6 survivors (6144K)
 Metaspace       used 87680K, committed 89664K, reserved 1179648K
  class space    used 11787K, committed 12800K, reserved 1048576K
}
Event: 13.777 GC heap after
{Heap after GC invocations=36 (full 0):
 garbage-first heap   total 183296K, used 111259K [0x0000000080000000, 0x0000000100000000)
  region size 1024K, 8 young (8192K), 8 survivors (8192K)
 Metaspace       used 87680K, committed 89664K, reserved 1179648K
  class space    used 11787K, committed 12800K, reserved 1048576K
}
Event: 14.223 GC heap before
{Heap before GC invocations=36 (full 0):
 garbage-first heap   total 183296K, used 141979K [0x0000000080000000, 0x0000000100000000)
  region size 1024K, 39 young (39936K), 8 survivors (8192K)
 Metaspace       used 90063K, committed 92096K, reserved 1179648K
  class space    used 12109K, committed 13120K, reserved 1048576K
}
Event: 14.229 GC heap after
{Heap after GC invocations=37 (full 0):
 garbage-first heap   total 183296K, used 113664K [0x0000000080000000, 0x0000000100000000)
  region size 1024K, 2 young (2048K), 2 survivors (2048K)
 Metaspace       used 90063K, committed 92096K, reserved 1179648K
  class space    used 12109K, committed 13120K, reserved 1048576K
}
Event: 15.130 GC heap before
{Heap before GC invocations=38 (full 0):
 garbage-first heap   total 191488K, used 166912K [0x0000000080000000, 0x0000000100000000)
  region size 1024K, 53 young (54272K), 2 survivors (2048K)
 Metaspace       used 94194K, committed 96256K, reserved 1179648K
  class space    used 12839K, committed 13888K, reserved 1048576K
}
Event: 15.134 GC heap after
{Heap after GC invocations=39 (full 0):
 garbage-first heap   total 191488K, used 114830K [0x0000000080000000, 0x0000000100000000)
  region size 1024K, 4 young (4096K), 4 survivors (4096K)
 Metaspace       used 94194K, committed 96256K, reserved 1179648K
  class space    used 12839K, committed 13888K, reserved 1048576K
}
Event: 15.983 GC heap before
{Heap before GC invocations=39 (full 0):
 garbage-first heap   total 191488K, used 186510K [0x0000000080000000, 0x0000000100000000)
  region size 1024K, 61 young (62464K), 4 survivors (4096K)
 Metaspace       used 99701K, committed 101824K, reserved 1179648K
  class space    used 13621K, committed 14720K, reserved 1048576K
}
Event: 15.992 GC heap after
{Heap after GC invocations=40 (full 0):
 garbage-first heap   total 199680K, used 133533K [0x0000000080000000, 0x0000000100000000)
  region size 1024K, 8 young (8192K), 8 survivors (8192K)
 Metaspace       used 99701K, committed 101824K, reserved 1179648K
  class space    used 13621K, committed 14720K, reserved 1048576K
}
Event: 16.583 GC heap before
{Heap before GC invocations=40 (full 0):
 garbage-first heap   total 199680K, used 179613K [0x0000000080000000, 0x0000000100000000)
  region size 1024K, 53 young (54272K), 8 survivors (8192K)
 Metaspace       used 101812K, committed 104000K, reserved 1179648K
  class space    used 13901K, committed 14976K, reserved 1048576K
}
Event: 16.591 GC heap after
{Heap after GC invocations=41 (full 0):
 garbage-first heap   total 199680K, used 138537K [0x0000000080000000, 0x0000000100000000)
  region size 1024K, 5 young (5120K), 5 survivors (5120K)
 Metaspace       used 101812K, committed 104000K, reserved 1179648K
  class space    used 13901K, committed 14976K, reserved 1048576K
}
Event: 17.102 GC heap before
{Heap before GC invocations=42 (full 0):
 garbage-first heap   total 232448K, used 181545K [0x0000000080000000, 0x0000000100000000)
  region size 1024K, 47 young (48128K), 5 survivors (5120K)
 Metaspace       used 101813K, committed 104000K, reserved 1179648K
  class space    used 13901K, committed 14976K, reserved 1048576K
}
Event: 17.108 GC heap after
{Heap after GC invocations=43 (full 0):
 garbage-first heap   total 232448K, used 140733K [0x0000000080000000, 0x0000000100000000)
  region size 1024K, 5 young (5120K), 5 survivors (5120K)
 Metaspace       used 101813K, committed 104000K, reserved 1179648K
  class space    used 13901K, committed 14976K, reserved 1048576K
}
Event: 17.723 GC heap before
{Heap before GC invocations=43 (full 0):
 garbage-first heap   total 232448K, used 209341K [0x0000000080000000, 0x0000000100000000)
  region size 1024K, 72 young (73728K), 5 survivors (5120K)
 Metaspace       used 101823K, committed 104000K, reserved 1179648K
  class space    used 13904K, committed 14976K, reserved 1048576K
}
Event: 17.729 GC heap after
{Heap after GC invocations=44 (full 0):
 garbage-first heap   total 232448K, used 141888K [0x0000000080000000, 0x0000000100000000)
  region size 1024K, 7 young (7168K), 7 survivors (7168K)
 Metaspace       used 101823K, committed 104000K, reserved 1179648K
  class space    used 13904K, committed 14976K, reserved 1048576K
}
Event: 18.666 GC heap before
{Heap before GC invocations=44 (full 0):
 garbage-first heap   total 232448K, used 210496K [0x0000000080000000, 0x0000000100000000)
  region size 1024K, 74 young (75776K), 7 survivors (7168K)
 Metaspace       used 101825K, committed 104000K, reserved 1179648K
  class space    used 13904K, committed 14976K, reserved 1048576K
}
Event: 18.673 GC heap after
{Heap after GC invocations=45 (full 0):
 garbage-first heap   total 232448K, used 145103K [0x0000000080000000, 0x0000000100000000)
  region size 1024K, 9 young (9216K), 9 survivors (9216K)
 Metaspace       used 101825K, committed 104000K, reserved 1179648K
  class space    used 13904K, committed 14976K, reserved 1048576K
}

