# JRE version: OpenJDK Runtime Environment (21.0.4) (build 21.0.4+-12508038-b607.1)
# Java VM: OpenJDK 64-Bit Server VM (21.0.4+-12508038-b607.1, mixed mode, tiered, compressed oops, compressed class ptrs, g1 gc, windows-amd64)
GC Precious Log:
 CardTable entry size: 512
 Card Set container configuration: InlinePtr #cards 5 size 8 Array Of Cards #cards 12 size 40 Howl #buckets 4 coarsen threshold 1843 Howl Bitmap #cards 512 size 80 coarsen threshold 460 Card regions per heap region 1 cards per card region 2048
 CPUs: 4 total, 4 available
 Memory: 8067M
 Large Page Support: Disabled
 NUMA Support: Disabled
 Compressed Oops: Enabled (32-bit)
 Heap Region Size: 1M
 Heap Min Capacity: 8M
 Heap Initial Capacity: 128M
 Heap Max Capacity: 2G
 Pre-touch: Disabled
 Parallel Workers: 4
 Concurrent Workers: 1
 Concurrent Refinement Workers: 4
 Periodic GC: Disabled
Heap:
 garbage-first heap   total 156672K, used 87993K [0x0000000080000000, 0x0000000100000000)
  region size 1024K, 15 young (15360K), 5 survivors (5120K)
 Metaspace       used 71182K, committed 73024K, reserved 1114112K
  class space    used 9766K, committed 10688K, reserved 1048576K
GC Heap History (20 events):
Event: 5.336 GC heap before
{Heap before GC invocations=14 (full 0):
 garbage-first heap   total 76800K, used 67427K [0x0000000080000000, 0x0000000100000000)
  region size 1024K, 24 young (24576K), 3 survivors (3072K)
 Metaspace       used 48966K, committed 50304K, reserved 1114112K
  class space    used 6634K, committed 7296K, reserved 1048576K
}
Event: 5.342 GC heap after
{Heap after GC invocations=15 (full 0):
 garbage-first heap   total 92160K, used 49691K [0x0000000080000000, 0x0000000100000000)
  region size 1024K, 3 young (3072K), 3 survivors (3072K)
 Metaspace       used 48966K, committed 50304K, reserved 1114112K
  class space    used 6634K, committed 7296K, reserved 1048576K
}
Event: 5.494 GC heap before
{Heap before GC invocations=15 (full 0):
 garbage-first heap   total 92160K, used 63003K [0x0000000080000000, 0x0000000100000000)
  region size 1024K, 18 young (18432K), 3 survivors (3072K)
 Metaspace       used 49495K, committed 50816K, reserved 1114112K
  class space    used 6686K, committed 7360K, reserved 1048576K
}
Event: 5.498 GC heap after
{Heap after GC invocations=16 (full 0):
 garbage-first heap   total 92160K, used 51031K [0x0000000080000000, 0x0000000100000000)
  region size 1024K, 3 young (3072K), 3 survivors (3072K)
 Metaspace       used 49495K, committed 50816K, reserved 1114112K
  class space    used 6686K, committed 7360K, reserved 1048576K
}
Event: 6.116 GC heap before
{Heap before GC invocations=17 (full 0):
 garbage-first heap   total 92160K, used 84823K [0x0000000080000000, 0x0000000100000000)
  region size 1024K, 31 young (31744K), 3 survivors (3072K)
 Metaspace       used 53783K, committed 55296K, reserved 1114112K
  class space    used 7259K, committed 8000K, reserved 1048576K
}
Event: 6.120 GC heap after
{Heap after GC invocations=18 (full 0):
 garbage-first heap   total 92160K, used 52396K [0x0000000080000000, 0x0000000100000000)
  region size 1024K, 2 young (2048K), 2 survivors (2048K)
 Metaspace       used 53783K, committed 55296K, reserved 1114112K
  class space    used 7259K, committed 8000K, reserved 1048576K
}
Event: 6.590 GC heap before
{Heap before GC invocations=18 (full 0):
 garbage-first heap   total 92160K, used 83116K [0x0000000080000000, 0x0000000100000000)
  region size 1024K, 30 young (30720K), 2 survivors (2048K)
 Metaspace       used 56241K, committed 57792K, reserved 1114112K
  class space    used 7652K, committed 8384K, reserved 1048576K
}
Event: 6.596 GC heap after
{Heap after GC invocations=19 (full 0):
 garbage-first heap   total 92160K, used 57885K [0x0000000080000000, 0x0000000100000000)
  region size 1024K, 4 young (4096K), 4 survivors (4096K)
 Metaspace       used 56241K, committed 57792K, reserved 1114112K
  class space    used 7652K, committed 8384K, reserved 1048576K
}
Event: 6.705 GC heap before
{Heap before GC invocations=19 (full 0):
 garbage-first heap   total 92160K, used 61981K [0x0000000080000000, 0x0000000100000000)
  region size 1024K, 10 young (10240K), 4 survivors (4096K)
 Metaspace       used 56373K, committed 57920K, reserved 1114112K
  class space    used 7653K, committed 8384K, reserved 1048576K
}
Event: 6.709 GC heap after
{Heap after GC invocations=20 (full 0):
 garbage-first heap   total 92160K, used 60108K [0x0000000080000000, 0x0000000100000000)
  region size 1024K, 2 young (2048K), 2 survivors (2048K)
 Metaspace       used 56373K, committed 57920K, reserved 1114112K
  class space    used 7653K, committed 8384K, reserved 1048576K
}
Event: 7.122 GC heap before
{Heap before GC invocations=21 (full 0):
 garbage-first heap   total 111616K, used 95948K [0x0000000080000000, 0x0000000100000000)
  region size 1024K, 24 young (24576K), 2 survivors (2048K)
 Metaspace       used 58762K, committed 60416K, reserved 1114112K
  class space    used 7871K, committed 8704K, reserved 1048576K
}
Event: 7.125 GC heap after
{Heap after GC invocations=22 (full 0):
 garbage-first heap   total 111616K, used 75732K [0x0000000080000000, 0x0000000100000000)
  region size 1024K, 3 young (3072K), 3 survivors (3072K)
 Metaspace       used 58762K, committed 60416K, reserved 1114112K
  class space    used 7871K, committed 8704K, reserved 1048576K
}
Event: 7.249 GC heap before
{Heap before GC invocations=22 (full 0):
 garbage-first heap   total 111616K, used 100308K [0x0000000080000000, 0x0000000100000000)
  region size 1024K, 27 young (27648K), 3 survivors (3072K)
 Metaspace       used 59405K, committed 61056K, reserved 1114112K
  class space    used 7984K, committed 8832K, reserved 1048576K
}
Event: 7.252 GC heap after
{Heap after GC invocations=23 (full 0):
 garbage-first heap   total 111616K, used 76501K [0x0000000080000000, 0x0000000100000000)
  region size 1024K, 1 young (1024K), 1 survivors (1024K)
 Metaspace       used 59405K, committed 61056K, reserved 1114112K
  class space    used 7984K, committed 8832K, reserved 1048576K
}
Event: 7.549 GC heap before
{Heap before GC invocations=23 (full 0):
 garbage-first heap   total 111616K, used 100053K [0x0000000080000000, 0x0000000100000000)
  region size 1024K, 25 young (25600K), 1 survivors (1024K)
 Metaspace       used 62805K, committed 64576K, reserved 1114112K
  class space    used 8436K, committed 9280K, reserved 1048576K
}
Event: 7.552 GC heap after
{Heap after GC invocations=24 (full 0):
 garbage-first heap   total 111616K, used 77218K [0x0000000080000000, 0x0000000100000000)
  region size 1024K, 2 young (2048K), 2 survivors (2048K)
 Metaspace       used 62805K, committed 64576K, reserved 1114112K
  class space    used 8436K, committed 9280K, reserved 1048576K
}
Event: 7.994 GC heap before
{Heap before GC invocations=25 (full 0):
 garbage-first heap   total 130048K, used 100770K [0x0000000080000000, 0x0000000100000000)
  region size 1024K, 26 young (26624K), 2 survivors (2048K)
 Metaspace       used 66334K, committed 68096K, reserved 1114112K
  class space    used 8980K, committed 9856K, reserved 1048576K
}
Event: 7.998 GC heap after
{Heap after GC invocations=26 (full 0):
 garbage-first heap   total 130048K, used 78550K [0x0000000080000000, 0x0000000100000000)
  region size 1024K, 3 young (3072K), 3 survivors (3072K)
 Metaspace       used 66334K, committed 68096K, reserved 1114112K
  class space    used 8980K, committed 9856K, reserved 1048576K
}
Event: 8.704 GC heap before
{Heap before GC invocations=26 (full 0):
 garbage-first heap   total 130048K, used 115414K [0x0000000080000000, 0x0000000100000000)
  region size 1024K, 39 young (39936K), 3 survivors (3072K)
 Metaspace       used 70248K, committed 72000K, reserved 1114112K
  class space    used 9625K, committed 10496K, reserved 1048576K
}
Event: 8.710 GC heap after
{Heap after GC invocations=27 (full 0):
 garbage-first heap   total 156672K, used 79801K [0x0000000080000000, 0x0000000100000000)
  region size 1024K, 5 young (5120K), 5 survivors (5120K)
 Metaspace       used 70248K, committed 72000K, reserved 1114112K
  class space    used 9625K, committed 10496K, reserved 1048576K
}

