# JRE version: OpenJDK Runtime Environment (21.0.4) (build 21.0.4+-12508038-b607.1)
# Java VM: OpenJDK 64-Bit Server VM (21.0.4+-12508038-b607.1, mixed mode, tiered, compressed oops, compressed class ptrs, g1 gc, windows-amd64)
GC Precious Log:
 CardTable entry size: 512
 Card Set container configuration: InlinePtr #cards 5 size 8 Array Of Cards #cards 12 size 40 Howl #buckets 4 coarsen threshold 1843 Howl Bitmap #cards 512 size 80 coarsen threshold 460 Card regions per heap region 1 cards per card region 2048
 CPUs: 4 total, 4 available
 Memory: 8067M
 Large Page Support: Disabled
 NUMA Support: Disabled
 Compressed Oops: Enabled (32-bit)
 Heap Region Size: 1M
 Heap Min Capacity: 8M
 Heap Initial Capacity: 128M
 Heap Max Capacity: 2G
 Pre-touch: Disabled
 Parallel Workers: 4
 Concurrent Workers: 1
 Concurrent Refinement Workers: 4
 Periodic GC: Disabled
Heap:
 garbage-first heap   total 178176K, used 113382K [0x0000000080000000, 0x0000000100000000)
  region size 1024K, 2 young (2048K), 2 survivors (2048K)
 Metaspace       used 90126K, committed 92160K, reserved 1179648K
  class space    used 12119K, committed 13120K, reserved 1048576K
GC Heap History (20 events):
Event: 9.121 GC heap after
{Heap after GC invocations=27 (full 0):
 garbage-first heap   total 128000K, used 79226K [0x0000000080000000, 0x0000000100000000)
  region size 1024K, 5 young (5120K), 5 survivors (5120K)
 Metaspace       used 70468K, committed 72192K, reserved 1114112K
  class space    used 9651K, committed 10496K, reserved 1048576K
}
Event: 9.745 GC heap before
{Heap before GC invocations=27 (full 0):
 garbage-first heap   total 128000K, used 114042K [0x0000000080000000, 0x0000000100000000)
  region size 1024K, 40 young (40960K), 5 survivors (5120K)
 Metaspace       used 72445K, committed 74176K, reserved 1114112K
  class space    used 9886K, committed 10752K, reserved 1048576K
}
Event: 9.755 GC heap after
{Heap after GC invocations=28 (full 0):
 garbage-first heap   total 153600K, used 83641K [0x0000000080000000, 0x0000000100000000)
  region size 1024K, 5 young (5120K), 5 survivors (5120K)
 Metaspace       used 72445K, committed 74176K, reserved 1114112K
  class space    used 9886K, committed 10752K, reserved 1048576K
}
Event: 10.258 GC heap before
{Heap before GC invocations=29 (full 0):
 garbage-first heap   total 153600K, used 132793K [0x0000000080000000, 0x0000000100000000)
  region size 1024K, 54 young (55296K), 5 survivors (5120K)
 Metaspace       used 72785K, committed 74560K, reserved 1114112K
  class space    used 9886K, committed 10752K, reserved 1048576K
}
Event: 10.265 GC heap after
{Heap after GC invocations=30 (full 0):
 garbage-first heap   total 153600K, used 86819K [0x0000000080000000, 0x0000000100000000)
  region size 1024K, 4 young (4096K), 4 survivors (4096K)
 Metaspace       used 72785K, committed 74560K, reserved 1114112K
  class space    used 9886K, committed 10752K, reserved 1048576K
}
Event: 10.566 GC heap before
{Heap before GC invocations=30 (full 0):
 garbage-first heap   total 153600K, used 135971K [0x0000000080000000, 0x0000000100000000)
  region size 1024K, 52 young (53248K), 4 survivors (4096K)
 Metaspace       used 72802K, committed 74560K, reserved 1114112K
  class space    used 9887K, committed 10752K, reserved 1048576K
}
Event: 10.571 GC heap after
{Heap after GC invocations=31 (full 0):
 garbage-first heap   total 153600K, used 86317K [0x0000000080000000, 0x0000000100000000)
  region size 1024K, 5 young (5120K), 5 survivors (5120K)
 Metaspace       used 72802K, committed 74560K, reserved 1114112K
  class space    used 9887K, committed 10752K, reserved 1048576K
}
Event: 10.703 GC heap before
{Heap before GC invocations=31 (full 0):
 garbage-first heap   total 153600K, used 101677K [0x0000000080000000, 0x0000000100000000)
  region size 1024K, 21 young (21504K), 5 survivors (5120K)
 Metaspace       used 72945K, committed 74752K, reserved 1114112K
  class space    used 9909K, committed 10816K, reserved 1048576K
}
Event: 10.708 GC heap after
{Heap after GC invocations=32 (full 0):
 garbage-first heap   total 153600K, used 87411K [0x0000000080000000, 0x0000000100000000)
  region size 1024K, 5 young (5120K), 5 survivors (5120K)
 Metaspace       used 72945K, committed 74752K, reserved 1114112K
  class space    used 9909K, committed 10816K, reserved 1048576K
}
Event: 11.326 GC heap before
{Heap before GC invocations=33 (full 0):
 garbage-first heap   total 153600K, used 142707K [0x0000000080000000, 0x0000000100000000)
  region size 1024K, 53 young (54272K), 5 survivors (5120K)
 Metaspace       used 76231K, committed 78016K, reserved 1179648K
  class space    used 10317K, committed 11200K, reserved 1048576K
}
Event: 11.331 GC heap after
{Heap after GC invocations=34 (full 0):
 garbage-first heap   total 155648K, used 99572K [0x0000000080000000, 0x0000000100000000)
  region size 1024K, 7 young (7168K), 7 survivors (7168K)
 Metaspace       used 76231K, committed 78016K, reserved 1179648K
  class space    used 10317K, committed 11200K, reserved 1048576K
}
Event: 11.827 GC heap before
{Heap before GC invocations=34 (full 0):
 garbage-first heap   total 155648K, used 138484K [0x0000000080000000, 0x0000000100000000)
  region size 1024K, 45 young (46080K), 7 survivors (7168K)
 Metaspace       used 80476K, committed 82368K, reserved 1179648K
  class space    used 10852K, committed 11776K, reserved 1048576K
}
Event: 11.832 GC heap after
{Heap after GC invocations=35 (full 0):
 garbage-first heap   total 155648K, used 100689K [0x0000000080000000, 0x0000000100000000)
  region size 1024K, 2 young (2048K), 2 survivors (2048K)
 Metaspace       used 80476K, committed 82368K, reserved 1179648K
  class space    used 10852K, committed 11776K, reserved 1048576K
}
Event: 12.060 GC heap before
{Heap before GC invocations=35 (full 0):
 garbage-first heap   total 155648K, used 112977K [0x0000000080000000, 0x0000000100000000)
  region size 1024K, 15 young (15360K), 2 survivors (2048K)
 Metaspace       used 82422K, committed 84288K, reserved 1179648K
  class space    used 11095K, committed 12032K, reserved 1048576K
}
Event: 12.063 GC heap after
{Heap after GC invocations=36 (full 0):
 garbage-first heap   total 155648K, used 102189K [0x0000000080000000, 0x0000000100000000)
  region size 1024K, 3 young (3072K), 3 survivors (3072K)
 Metaspace       used 82422K, committed 84288K, reserved 1179648K
  class space    used 11095K, committed 12032K, reserved 1048576K
}
Event: 12.598 GC heap before
{Heap before GC invocations=37 (full 0):
 garbage-first heap   total 178176K, used 146221K [0x0000000080000000, 0x0000000100000000)
  region size 1024K, 42 young (43008K), 3 survivors (3072K)
 Metaspace       used 84546K, committed 86528K, reserved 1179648K
  class space    used 11398K, committed 12352K, reserved 1048576K
}
Event: 12.603 GC heap after
{Heap after GC invocations=38 (full 0):
 garbage-first heap   total 178176K, used 106776K [0x0000000080000000, 0x0000000100000000)
  region size 1024K, 6 young (6144K), 6 survivors (6144K)
 Metaspace       used 84546K, committed 86528K, reserved 1179648K
  class space    used 11398K, committed 12352K, reserved 1048576K
}
Event: 13.185 GC heap before
{Heap before GC invocations=38 (full 0):
 garbage-first heap   total 178176K, used 156952K [0x0000000080000000, 0x0000000100000000)
  region size 1024K, 55 young (56320K), 6 survivors (6144K)
 Metaspace       used 87665K, committed 89600K, reserved 1179648K
  class space    used 11787K, committed 12736K, reserved 1048576K
}
Event: 13.194 GC heap after
{Heap after GC invocations=39 (full 0):
 garbage-first heap   total 178176K, used 111082K [0x0000000080000000, 0x0000000100000000)
  region size 1024K, 5 young (5120K), 5 survivors (5120K)
 Metaspace       used 87665K, committed 89600K, reserved 1179648K
  class space    used 11787K, committed 12736K, reserved 1048576K
}
Event: 13.546 GC heap before
{Heap before GC invocations=39 (full 0):
 garbage-first heap   total 178176K, used 142826K [0x0000000080000000, 0x0000000100000000)
  region size 1024K, 37 young (37888K), 5 survivors (5120K)
 Metaspace       used 90126K, committed 92160K, reserved 1179648K
  class space    used 12119K, committed 13120K, reserved 1048576K
}

