# JRE version: OpenJDK Runtime Environment (21.0.4) (build 21.0.4+-12508038-b607.1)
# Java VM: OpenJDK 64-Bit Server VM (21.0.4+-12508038-b607.1, mixed mode, tiered, compressed oops, compressed class ptrs, g1 gc, windows-amd64)
GC Precious Log:
 CardTable entry size: 512
 Card Set container configuration: InlinePtr #cards 5 size 8 Array Of Cards #cards 12 size 40 Howl #buckets 4 coarsen threshold 1843 Howl Bitmap #cards 512 size 80 coarsen threshold 460 Card regions per heap region 1 cards per card region 2048
 CPUs: 4 total, 4 available
 Memory: 8067M
 Large Page Support: Disabled
 NUMA Support: Disabled
 Compressed Oops: Enabled (32-bit)
 Heap Region Size: 1M
 Heap Min Capacity: 8M
 Heap Initial Capacity: 128M
 Heap Max Capacity: 2G
 Pre-touch: Disabled
 Parallel Workers: 4
 Concurrent Workers: 1
 Concurrent Refinement Workers: 4
 Periodic GC: Disabled
Heap:
 garbage-first heap   total 205824K, used 128447K [0x0000000080000000, 0x0000000100000000)
  region size 1024K, 13 young (13312K), 8 survivors (8192K)
 Metaspace       used 97579K, committed 99712K, reserved 1179648K
  class space    used 13277K, committed 14336K, reserved 1048576K
GC Heap History (20 events):
Event: 10.740 GC heap before
{Heap before GC invocations=26 (full 0):
 garbage-first heap   total 150528K, used 133702K [0x0000000080000000, 0x0000000100000000)
  region size 1024K, 60 young (61440K), 4 survivors (4096K)
 Metaspace       used 71973K, committed 73792K, reserved 1114112K
  class space    used 9873K, committed 10752K, reserved 1048576K
}
Event: 10.747 GC heap after
{Heap after GC invocations=27 (full 0):
 garbage-first heap   total 150528K, used 80379K [0x0000000080000000, 0x0000000100000000)
  region size 1024K, 8 young (8192K), 8 survivors (8192K)
 Metaspace       used 71973K, committed 73792K, reserved 1114112K
  class space    used 9873K, committed 10752K, reserved 1048576K
}
Event: 11.420 GC heap before
{Heap before GC invocations=27 (full 0):
 garbage-first heap   total 150528K, used 131579K [0x0000000080000000, 0x0000000100000000)
  region size 1024K, 59 young (60416K), 8 survivors (8192K)
 Metaspace       used 72825K, committed 74560K, reserved 1114112K
  class space    used 9896K, committed 10752K, reserved 1048576K
}
Event: 11.430 GC heap after
{Heap after GC invocations=28 (full 0):
 garbage-first heap   total 150528K, used 84453K [0x0000000080000000, 0x0000000100000000)
  region size 1024K, 8 young (8192K), 8 survivors (8192K)
 Metaspace       used 72825K, committed 74560K, reserved 1114112K
  class space    used 9896K, committed 10752K, reserved 1048576K
}
Event: 11.825 GC heap before
{Heap before GC invocations=28 (full 0):
 garbage-first heap   total 150528K, used 133605K [0x0000000080000000, 0x0000000100000000)
  region size 1024K, 56 young (57344K), 8 survivors (8192K)
 Metaspace       used 72903K, committed 74688K, reserved 1114112K
  class space    used 9897K, committed 10752K, reserved 1048576K
}
Event: 11.835 GC heap after
{Heap after GC invocations=29 (full 0):
 garbage-first heap   total 150528K, used 86432K [0x0000000080000000, 0x0000000100000000)
  region size 1024K, 4 young (4096K), 4 survivors (4096K)
 Metaspace       used 72903K, committed 74688K, reserved 1114112K
  class space    used 9897K, committed 10752K, reserved 1048576K
}
Event: 12.270 GC heap before
{Heap before GC invocations=30 (full 0):
 garbage-first heap   total 150528K, used 141728K [0x0000000080000000, 0x0000000100000000)
  region size 1024K, 53 young (54272K), 4 survivors (4096K)
 Metaspace       used 73563K, committed 75392K, reserved 1114112K
  class space    used 9995K, committed 10880K, reserved 1048576K
}
Event: 12.276 GC heap after
{Heap after GC invocations=31 (full 0):
 garbage-first heap   total 152576K, used 97202K [0x0000000080000000, 0x0000000100000000)
  region size 1024K, 7 young (7168K), 7 survivors (7168K)
 Metaspace       used 73563K, committed 75392K, reserved 1114112K
  class space    used 9995K, committed 10880K, reserved 1048576K
}
Event: 12.771 GC heap before
{Heap before GC invocations=31 (full 0):
 garbage-first heap   total 152576K, used 137138K [0x0000000080000000, 0x0000000100000000)
  region size 1024K, 46 young (47104K), 7 survivors (7168K)
 Metaspace       used 76713K, committed 78592K, reserved 1179648K
  class space    used 10372K, committed 11264K, reserved 1048576K
}
Event: 12.776 GC heap after
{Heap after GC invocations=32 (full 0):
 garbage-first heap   total 152576K, used 99988K [0x0000000080000000, 0x0000000100000000)
  region size 1024K, 3 young (3072K), 3 survivors (3072K)
 Metaspace       used 76713K, committed 78592K, reserved 1179648K
  class space    used 10372K, committed 11264K, reserved 1048576K
}
Event: 13.268 GC heap before
{Heap before GC invocations=32 (full 0):
 garbage-first heap   total 152576K, used 138900K [0x0000000080000000, 0x0000000100000000)
  region size 1024K, 41 young (41984K), 3 survivors (3072K)
 Metaspace       used 81052K, committed 83008K, reserved 1179648K
  class space    used 10939K, committed 11904K, reserved 1048576K
}
Event: 13.271 GC heap after
{Heap after GC invocations=33 (full 0):
 garbage-first heap   total 152576K, used 100984K [0x0000000080000000, 0x0000000100000000)
  region size 1024K, 4 young (4096K), 4 survivors (4096K)
 Metaspace       used 81052K, committed 83008K, reserved 1179648K
  class space    used 10939K, committed 11904K, reserved 1048576K
}
Event: 13.781 GC heap before
{Heap before GC invocations=34 (full 0):
 garbage-first heap   total 171008K, used 142968K [0x0000000080000000, 0x0000000100000000)
  region size 1024K, 40 young (40960K), 4 survivors (4096K)
 Metaspace       used 83827K, committed 85824K, reserved 1179648K
  class space    used 11299K, committed 12288K, reserved 1048576K
}
Event: 13.789 GC heap after
{Heap after GC invocations=35 (full 0):
 garbage-first heap   total 171008K, used 105797K [0x0000000080000000, 0x0000000100000000)
  region size 1024K, 5 young (5120K), 5 survivors (5120K)
 Metaspace       used 83827K, committed 85824K, reserved 1179648K
  class space    used 11299K, committed 12288K, reserved 1048576K
}
Event: 14.613 GC heap before
{Heap before GC invocations=35 (full 0):
 garbage-first heap   total 171008K, used 155973K [0x0000000080000000, 0x0000000100000000)
  region size 1024K, 54 young (55296K), 5 survivors (5120K)
 Metaspace       used 87610K, committed 89536K, reserved 1179648K
  class space    used 11777K, committed 12736K, reserved 1048576K
}
Event: 14.621 GC heap after
{Heap after GC invocations=36 (full 0):
 garbage-first heap   total 205824K, used 109306K [0x0000000080000000, 0x0000000100000000)
  region size 1024K, 4 young (4096K), 4 survivors (4096K)
 Metaspace       used 87610K, committed 89536K, reserved 1179648K
  class space    used 11777K, committed 12736K, reserved 1048576K
}
Event: 15.797 GC heap before
{Heap before GC invocations=36 (full 0):
 garbage-first heap   total 205824K, used 189178K [0x0000000080000000, 0x0000000100000000)
  region size 1024K, 81 young (82944K), 4 survivors (4096K)
 Metaspace       used 92946K, committed 94976K, reserved 1179648K
  class space    used 12583K, committed 13568K, reserved 1048576K
}
Event: 15.804 GC heap after
{Heap after GC invocations=37 (full 0):
 garbage-first heap   total 205824K, used 113402K [0x0000000080000000, 0x0000000100000000)
  region size 1024K, 8 young (8192K), 8 survivors (8192K)
 Metaspace       used 92946K, committed 94976K, reserved 1179648K
  class space    used 12583K, committed 13568K, reserved 1048576K
}
Event: 16.469 GC heap before
{Heap before GC invocations=37 (full 0):
 garbage-first heap   total 205824K, used 160506K [0x0000000080000000, 0x0000000100000000)
  region size 1024K, 55 young (56320K), 8 survivors (8192K)
 Metaspace       used 96881K, committed 99008K, reserved 1179648K
  class space    used 13199K, committed 14272K, reserved 1048576K
}
Event: 16.477 GC heap after
{Heap after GC invocations=38 (full 0):
 garbage-first heap   total 205824K, used 116159K [0x0000000080000000, 0x0000000100000000)
  region size 1024K, 8 young (8192K), 8 survivors (8192K)
 Metaspace       used 96881K, committed 99008K, reserved 1179648K
  class space    used 13199K, committed 14272K, reserved 1048576K
}

